<?xml version="1.0" encoding="UTF-8"?>
<!-- Generated by org.testng.reporters.JUnitReportReporter -->
<testsuite hostname="AnkitPC" failures="0" tests="1" name="com.bikkadit.ebam.testCases.TC_LoginTest_001" time="4.048" errors="0" timestamp="12 Oct 2022 18:40:01 GMT" skipped="0">
  <testcase classname="com.bikkadit.ebam.testCases.TC_LoginTest_001" name="loginTest" time="4.048"/>
</testsuite> <!-- com.bikkadit.ebam.testCases.TC_LoginTest_001 -->
